* {
  box-sizing: border-box;
}
body {
  font-family: 'Open Sans', sans-serif;
  background: linear-gradient(120deg, #DB7093, #FFA07A, #FFC0CB);
}
a {
  color: #FFFFFF;
}

a:visited {
  
  color: #FF0000;
      }
      
a:hover {
  color: #000000;
      }
	  .landing-page header .container {
  display: flex;
  align-items: center;
  justify-content: space-between;
}
      
@media (max-width: 767px) {
  .landing-page header .container {
    flex-direction: column;
    justify-content: center;
  }
}.landing-page header .links {
  display: flex;
  align-items: center;
}
      
@media (max-width: 900px) {
  .landing-page header .links {
    text-align: center;
    gap: 20px;
  }
}
.landing-page header .links li {
  margin-left: 10px;
  color:  #000000;;
  cursor: pointer;
  transition: .3s;
}
@media (max-width: 900px) {
  .landing-page header .links li {
    margin-left: auto;
  }
}
.landing-page header .links li:last-child {
  border-radius: 20px;
  padding: 10px 20px;
  color: #FFF;
  background-color: #8B0000;
}
.landing-page .content .container {
  display: flex;
  align-items: center;
  justify-content: space-between;
  gap: 140px;
  min-height: calc(100vh - 80px);
}
      
@media (max-width: 767px) {
  .landing-page .content .container {
    gap: 0;
    min-height: calc(100vh - 101px);
    justify-content: center;
    flex-direction: column-reverse;
  }
}
      
@media (max-width: 767px) {
  .landing-page .content .info {
    text-align: center;
    margin-bottom: 15px 
  }
}
.landing-page .content .info h1 {
  color: white;
  font-size: 38px;
}
.landing-page .content .info p {
  margin: 0;
  line-height: 1.6;
  font-size: 15px;
  color: white;
}
.landing-page .content .info button {
  border: 0;
  border-radius: 20px;
  padding: 12px 30px;
  margin-top: 30px;
  cursor: pointer;
  color: #FFF;
  background-color: #8B0000;
}
.landing-page .content .image img {
  max-width: 120%;
  margin-top: 50px;
}
